Group 1:
LATVERIA 3 1 0 0 1 0
KASNIA 0 0 1 0 0 1

Group 2:
USA 5 1 0 2 4 3
ENGLAND 5 1 0 2 2 1
SLOVENIA 4 1 1 1 3 3
ALGERIA 1 0 2 1 0 2

Group 3:
GREECE 7 2 0 1 12 4
USA 7 2 0 1 18 11
SLOVENIA 7 2 1 1 10 7
DENMARK 6 2 0 0 7 3
ARGENTINA 4 1 1 1 14 13
EGYPT 3 1 3 0 11 15
ENGLAND 3 1 2 0 5 10
IRAN 0 0 4 0 8 22

Group 4:
DENMARK 6 2 1 0 13 8
SPAIN 6 2 1 0 12 10
SWEDEN 3 1 0 0 6 2
EGYPT 3 1 0 0 6 4
USA 3 1 1 0 6 5
SLOVENIA 3 1 1 0 8 9
ENGLAND 3 1 1 0 4 6
IRAN 0 0 1 0 1 2
GERMANY 0 0 1 0 2 4
NICARAGUA 0 0 2 0 3 11

Group 5:
USA 22 7 2 1 37 22
SLOVENIA 18 6 3 0 32 20
EGYPT 15 5 1 0 25 12
SPAIN 15 5 1 0 22 11
GERMANY 15 5 2 0 22 19
GREECE 12 4 4 0 16 16
DENMARK 12 4 7 0 26 31
NICARAGUA 10 3 3 1 22 21
SWEDEN 9 3 4 0 20 19
BRAZIL 9 3 3 0 16 18
ARGENTINA 9 3 5 0 13 28
TURKEY 7 2 5 1 24 34
ALGERIA 6 2 6 0 9 21
ENGLAND 4 1 5 1 21 29
IRAN 3 1 3 0 11 15

Group 6:
DENMARK 10 3 0 1 18 7
ARGENTINA 7 2 2 1 13 14
SLOVENIA 6 2 1 0 9 4
ALGERIA 3 1 2 0 12 12
ENGLAND 3 1 3 0 7 17
USA 2 0 1 2 11 16

Group 7:
IRAN 18 6 2 0 29 14
SWEDEN 16 5 3 1 34 28
SLOVENIA 15 5 2 0 24 11
DENMARK 13 4 1 1 24 18
NICARAGUA 13 4 3 1 30 26
SPAIN 10 3 2 1 26 27
ARGENTINA 9 3 2 0 16 20
ALGERIA 9 3 4 0 21 27
ENGLAND 4 1 4 1 15 23
EGYPT 4 1 5 1 19 29
USA 3 1 4 0 7 12
GREECE 3 1 5 0 17 27

Group 8:
SWEDEN 18 6 2 0 17 9
DENMARK 18 6 2 0 20 14
ALGERIA 15 5 2 0 26 10
USA 13 4 4 1 28 25
ENGLAND 12 4 3 0 19 16
SPAIN 11 3 4 2 33 33
ARGENTINA 10 3 3 1 19 16
IRAN 10 3 4 1 19 19
SLOVENIA 7 2 4 1 6 23
GREECE 6 2 6 0 16 26
EGYPT 6 2 6 0 13 25

Group 9:
ALGERIA 3 1 0 0 5 3
ARGENTINA 3 1 0 0 2 1
SLOVENIA 0 0 1 0 1 2
ENGLAND 0 0 1 0 3 5

Group 10:
SLOVENIA 6 2 0 0 7 2
ARGENTINA 3 1 0 0 3 1
ALGERIA 0 0 2 0 3 6
ENGLAND 0 0 1 0 0 4

Group 11:
DENMARK 6 2 1 0 12 9
USA 4 1 1 1 10 11
ALGERIA 3 1 1 0 7 4
EGYPT 3 1 0 0 5 2
ENGLAND 3 1 0 0 3 0
ARGENTINA 3 1 2 0 9 13
IRAN 1 0 1 1 8 10
GREECE 0 0 1 0 0 5

Group 12:
ALGERIA 16 5 2 1 27 26
DENMARK 15 5 2 0 20 16
USA 14 4 2 2 31 26
EGYPT 11 3 2 2 24 19
ARGENTINA 11 3 2 2 26 22
SLOVENIA 10 3 4 1 19 25
ENGLAND 8 2 3 2 19 16
GREECE 5 1 5 2 16 23
IRAN 5 1 5 2 21 30

Group 13:
USA 10 3 0 1 16 11
SLOVENIA 10 3 2 1 20 17
ALGERIA 9 3 2 0 11 5
DENMARK 7 2 1 1 13 10
ENGLAND 4 1 4 1 15 25
ARGENTINA 3 1 3 0 12 13
GREECE 2 0 1 2 8 14

Group 14:
ARGENTINA 22 7 2 1 36 18
NICARAGUA 16 5 0 1 24 8
EGYPT 15 5 1 0 25 14
SPAIN 14 4 4 2 23 30
SWEDEN 12 3 1 3 19 12
GERMANY 12 3 3 3 27 28
DENMARK 10 3 3 1 29 20
POLAND 10 3 2 1 22 18
TURKEY 8 2 1 2 18 18
BRAZIL 7 2 4 1 18 25
ENGLAND 7 2 3 1 14 22
IRAN 6 2 4 0 12 15
NORWAY 6 2 4 0 15 22
USA 6 1 4 3 14 26
ALGERIA 4 1 6 1 20 30
GREECE 3 1 2 0 10 12
SLOVENIA 2 0 2 2 10 18

Group 15:
USA 18 6 1 0 32 12
DENMARK 13 4 2 1 22 16
EGYPT 12 4 3 0 23 24
ALGERIA 11 3 2 2 24 24
GREECE 10 3 3 1 20 16
SLOVENIA 6 2 5 0 15 22
ARGENTINA 6 2 5 0 21 29
ENGLAND 6 2 5 0 11 25

Group 16:
GREECE 21 7 1 0 27 16
SLOVENIA 18 6 2 0 32 13
ALGERIA 15 5 4 0 26 17
EGYPT 15 4 2 3 30 27
USA 15 5 4 0 29 28
DENMARK 14 4 3 2 23 19
SWEDEN 10 3 4 1 22 20
IRAN 7 2 2 1 13 19
ENGLAND 6 2 7 0 23 37
SPAIN 4 1 3 1 8 20
ARGENTINA 0 0 7 0 12 29

Group 17:
GREECE 9 3 0 0 10 3
ALGERIA 6 2 2 0 15 16
SLOVENIA 4 1 0 1 9 8
USA 4 1 1 1 12 13
DENMARK 3 1 0 0 3 2
ENGLAND 1 0 2 1 10 12
ARGENTINA 1 0 3 1 12 17

Group 18:
NORWAY 15 5 2 0 25 17
EGYPT 10 3 0 1 20 9
BRAZIL 10 2 0 4 19 12
GERMANY 10 3 1 1 17 13
IRAN 10 3 3 1 23 20
SLOVENIA 9 3 1 0 22 14
ALGERIA 8 2 4 2 15 21
USA 7 2 1 1 13 5
SPAIN 7 2 3 1 20 22
ARGENTINA 6 2 2 0 9 15
DENMARK 5 1 2 2 12 13
SWEDEN 5 1 2 2 21 23
GREECE 5 1 3 2 13 19
NICARAGUA 5 1 3 2 17 24
ENGLAND 5 1 3 2 4 15
TURKEY 4 1 3 1 15 23

Group 19:
ALGERIA 6 2 0 0 5 1
USA 6 2 1 0 5 4
ARGENTINA 4 1 1 1 2 2
DENMARK 3 1 2 0 9 9
SLOVENIA 3 1 1 0 4 6
ENGLAND 1 0 2 1 2 5

Group 20:
POLAND 6 2 0 0 10 3
ENGLAND 6 2 0 0 9 3
NORWAY 6 2 1 0 14 9
EGYPT 6 2 0 0 10 5
IRAN 3 1 0 0 6 3
ALGERIA 3 1 1 0 7 6
PORTUGAL 3 1 0 0 5 4
ARGENTINA 3 1 1 0 1 4
USA 0 0 1 0 2 4
NICARAGUA 0 0 1 0 3 6
TURKEY 0 0 1 0 3 6
GREECE 0 0 1 0 2 5
SLOVENIA 0 0 1 0 1 4
GERMANY 0 0 1 0 1 5
SWEDEN 0 0 3 0 4 11

